<html>
<body>
<pre>
<h1>Vision Build Log</h1>
<h2>Project:</h2>
E:\project\PRINT\新建文件夹\F407-PRINTER\Projects\MDK-ARM\stm32f4.uvproj
Project File Date:  07/31/2014

<h2>Output:</h2>
Rebuild target 'stm32f4 Configuration'
assembling startup_stm32f407xx.s...
compiling main.c...
compiling stm32f4xx_it.c...
compiling system_stm32f4xx.c...
compiling stm32f4xx_hal.c...
compiling stm32f4xx_hal_cortex.c...
compiling stm32f4xx_hal_dma.c...
compiling stm32f4xx_hal_dma_ex.c...
compiling stm32f4xx_hal_flash.c...
compiling stm32f4xx_hal_flash_ex.c...
compiling stm32f4xx_hal_gpio.c...
compiling stm32f4xx_hal_i2c.c...
compiling stm32f4xx_hal_i2c_ex.c...
compiling stm32f4xx_hal_iwdg.c...
compiling stm32f4xx_hal_pwr.c...
compiling stm32f4xx_hal_pwr_ex.c...
compiling stm32f4xx_hal_rcc.c...
compiling stm32f4xx_hal_rcc_ex.c...
compiling stm32f4xx_hal_spi.c...
compiling stm32f4xx_hal_uart.c...
compiling stm32f4xx_hal_tim.c...
compiling stm32f4xx_hal_tim_ex.c...
compiling SystemClock.c...
compiling HAL_Bus8Bit.c...
compiling HAL_Flash.c...
..\..\Drivers\BSP\Src\HAL_Flash.c(35): warning:  #177-D: variable "EraseInitStruct" was declared but never referenced
..\..\Drivers\BSP\Src\HAL_Flash.c(38): warning:  #177-D: function "GetSector" was declared but never referenced
compiling Retarget.c...
compiling usart_io.c...
compiling hal_debug.c...
compiling stm32f4xx_hal_msp.c...
compiling bsp.c...
compiling compute.c...
compiling printer.c...
compiling delay.c...
compiling test_case.c...
linking...
Program Size: Code=8616 RO-data=440 RW-data=48 ZI-data=3432  
"stm32f4 Configuration\stm32f4 Configuration.axf" - 0 Error(s), 2 Warning(s).
Build target 'stm32f4 Configuration'
compiling main.c...
..\..\Src\main.c(144): warning:  #223-D: function "delay" declared implicitly
..\..\Src\main.c(247): warning:  #128-D: loop is not reachable from preceding code
compiling test_case.c...
linking...
Program Size: Code=7584 RO-data=440 RW-data=32 ZI-data=3432  
"stm32f4 Configuration\stm32f4 Configuration.axf" - 0 Error(s), 2 Warning(s).
Build target 'stm32f4 Configuration'
compiling main.c...
..\..\Src\main.c(247): warning:  #128-D: loop is not reachable from preceding code
linking...
Program Size: Code=7644 RO-data=440 RW-data=32 ZI-data=3432  
"stm32f4 Configuration\stm32f4 Configuration.axf" - 0 Error(s), 1 Warning(s).
Build target 'stm32f4 Configuration'
linking...
stm32f4 Configuration\stm32f4 Configuration.axf: Error: L6218E: Undefined symbol delay (referred from printer.o).
Target not created
Build target 'stm32f4 Configuration'
compiling printer.c...
..\..\Drivers\BSP\Src\printer.c(47): warning:  #223-D: function "delay" declared implicitly
linking...
stm32f4 Configuration\stm32f4 Configuration.axf: Error: L6218E: Undefined symbol delay (referred from printer.o).
Target not created
Build target 'stm32f4 Configuration'
compiling printer.c...
linking...
Program Size: Code=7620 RO-data=440 RW-data=32 ZI-data=3432  
"stm32f4 Configuration\stm32f4 Configuration.axf" - 0 Error(s), 0 Warning(s).
Load "stm32f4 Configuration\\stm32f4 Configuration.AXF" 
Build target 'stm32f4 Configuration'
compiling main.c...
..\..\Src\main.c(248): warning:  #128-D: loop is not reachable from preceding code
compiling bsp.c...
linking...
Program Size: Code=7708 RO-data=440 RW-data=32 ZI-data=3432  
"stm32f4 Configuration\stm32f4 Configuration.axf" - 0 Error(s), 1 Warning(s).
Load "stm32f4 Configuration\\stm32f4 Configuration.AXF" 
Build target 'stm32f4 Configuration'
compiling main.c...
compiling printer.c...
compiling test_case.c...
linking...
Program Size: Code=8740 RO-data=440 RW-data=48 ZI-data=3432  
"stm32f4 Configuration\stm32f4 Configuration.axf" - 0 Error(s), 0 Warning(s).
Build target 'stm32f4 Configuration'
compiling main.c...
..\..\Src\main.c(246): warning:  #128-D: loop is not reachable from preceding code
compiling printer.c...
compiling test_case.c...
linking...
Program Size: Code=7580 RO-data=440 RW-data=32 ZI-data=3432  
"stm32f4 Configuration\stm32f4 Configuration.axf" - 0 Error(s), 1 Warning(s).
Load "stm32f4 Configuration\\stm32f4 Configuration.AXF" 
Build target 'stm32f4 Configuration'
compiling printer.c...
linking...
Program Size: Code=7296 RO-data=440 RW-data=36 ZI-data=3428  
"stm32f4 Configuration\stm32f4 Configuration.axf" - 0 Error(s), 0 Warning(s).
Load "stm32f4 Configuration\\stm32f4 Configuration.AXF" 
Build target 'stm32f4 Configuration'
compiling main.c...
..\..\Src\main.c(246): warning:  #128-D: loop is not reachable from preceding code
linking...
Program Size: Code=7296 RO-data=440 RW-data=36 ZI-data=3428  
"stm32f4 Configuration\stm32f4 Configuration.axf" - 0 Error(s), 1 Warning(s).
Load "stm32f4 Configuration\\stm32f4 Configuration.AXF" 
Build target 'stm32f4 Configuration'
compiling main.c...
..\..\Src\main.c(246): warning:  #128-D: loop is not reachable from preceding code
linking...
Program Size: Code=7296 RO-data=440 RW-data=36 ZI-data=3428  
"stm32f4 Configuration\stm32f4 Configuration.axf" - 0 Error(s), 1 Warning(s).
Load "stm32f4 Configuration\\stm32f4 Configuration.AXF" 
Build target 'stm32f4 Configuration'
compiling main.c...
..\..\Src\main.c(246): warning:  #128-D: loop is not reachable from preceding code
linking...
Program Size: Code=7296 RO-data=440 RW-data=36 ZI-data=3428  
"stm32f4 Configuration\stm32f4 Configuration.axf" - 0 Error(s), 1 Warning(s).
Load "stm32f4 Configuration\\stm32f4 Configuration.AXF" 
Build target 'stm32f4 Configuration'
compiling main.c...
..\..\Src\main.c(246): warning:  #128-D: loop is not reachable from preceding code
compiling printer.c...
compiling test_case.c...
linking...
Program Size: Code=7592 RO-data=440 RW-data=32 ZI-data=3432  
"stm32f4 Configuration\stm32f4 Configuration.axf" - 0 Error(s), 1 Warning(s).
Load "stm32f4 Configuration\\stm32f4 Configuration.AXF" 
Build target 'stm32f4 Configuration'
compiling main.c...
..\..\Src\main.c(247): warning:  #128-D: loop is not reachable from preceding code
compiling stm32f4xx_it.c...
compiling printer.c...
linking...
Program Size: Code=7632 RO-data=440 RW-data=32 ZI-data=3432  
"stm32f4 Configuration\stm32f4 Configuration.axf" - 0 Error(s), 1 Warning(s).
Load "stm32f4 Configuration\\stm32f4 Configuration.AXF" 
Build target 'stm32f4 Configuration'
compiling main.c...
..\..\Src\main.c(167): warning:  #223-D: function "delay" declared implicitly
..\..\Src\main.c(247): warning:  #128-D: loop is not reachable from preceding code
compiling printer.c...
compiling test_case.c...
linking...
stm32f4 Configuration\stm32f4 Configuration.axf: Error: L6218E: Undefined symbol delay (referred from main.o).
Target not created
Load "stm32f4 Configuration\\stm32f4 Configuration.AXF" 
_____^
*** error 56: cannot open file
Build target 'stm32f4 Configuration'
compiling main.c...
..\..\Src\main.c(247): warning:  #128-D: loop is not reachable from preceding code
linking...
Program Size: Code=7752 RO-data=440 RW-data=32 ZI-data=3432  
"stm32f4 Configuration\stm32f4 Configuration.axf" - 0 Error(s), 1 Warning(s).
Load "stm32f4 Configuration\\stm32f4 Configuration.AXF" 
Build target 'stm32f4 Configuration'
compiling main.c...
..\..\Src\main.c(246): warning:  #128-D: loop is not reachable from preceding code
linking...
Program Size: Code=7752 RO-data=440 RW-data=32 ZI-data=3432  
"stm32f4 Configuration\stm32f4 Configuration.axf" - 0 Error(s), 1 Warning(s).
Build target 'stm32f4 Configuration'
compiling main.c...
compiling printer.c...
compiling test_case.c...
linking...
Program Size: Code=8900 RO-data=440 RW-data=56 ZI-data=3432  
"stm32f4 Configuration\stm32f4 Configuration.axf" - 0 Error(s), 0 Warning(s).
Load "stm32f4 Configuration\\stm32f4 Configuration.AXF" 
Build target 'stm32f4 Configuration'
compiling main.c...
linking...
Program Size: Code=8900 RO-data=440 RW-data=56 ZI-data=2848  
"stm32f4 Configuration\stm32f4 Configuration.axf" - 0 Error(s), 0 Warning(s).
Build target 'stm32f4 Configuration'
linking...
Program Size: Code=8900 RO-data=440 RW-data=56 ZI-data=2848  
"stm32f4 Configuration\stm32f4 Configuration.axf" - 0 Error(s), 0 Warning(s).
Load "stm32f4 Configuration\\stm32f4 Configuration.AXF" 
Build target 'stm32f4 Configuration'
linking...
Program Size: Code=8900 RO-data=440 RW-data=56 ZI-data=2848  
"stm32f4 Configuration\stm32f4 Configuration.axf" - 0 Error(s), 0 Warning(s).
Load "stm32f4 Configuration\\stm32f4 Configuration.AXF" 
Build target 'stm32f4 Configuration'
compiling main.c...
..\..\Src\main.c(130): error:  #167: argument of type "USER_UART_HandleTypeDef" is incompatible with parameter of type "USER_UART_HandleTypeDef *"
Target not created
Build target 'stm32f4 Configuration'
compiling main.c...
linking...
Program Size: Code=8900 RO-data=440 RW-data=56 ZI-data=2848  
"stm32f4 Configuration\stm32f4 Configuration.axf" - 0 Error(s), 0 Warning(s).
Load "stm32f4 Configuration\\stm32f4 Configuration.AXF" 
Build target 'stm32f4 Configuration'
compiling main.c...
..\..\Src\main.c(209): error:  #20: identifier "TEST_CASE_GATHER_i" is undefined
..\..\Src\main.c(211): error:  #20: identifier "rx_buf" is undefined
..\..\Src\main.c(211): error:  #20: identifier "TEST_CASE_GATHER_buff" is undefined
..\..\Src\main.c(213): error:  #20: identifier "rx_len" is undefined
..\..\Src\main.c(246): warning:  #128-D: loop is not reachable from preceding code
compiling printer.c...
compiling test_case.c...
Target not created
Build target 'stm32f4 Configuration'
compiling main.c...
..\..\Src\main.c(209): error:  #20: identifier "TEST_CASE_GATHER_i" is undefined
..\..\Src\main.c(211): error:  #20: identifier "rx_buf" is undefined
..\..\Src\main.c(211): error:  #20: identifier "TEST_CASE_GATHER_buff" is undefined
..\..\Src\main.c(245): warning:  #128-D: loop is not reachable from preceding code
Target not created
Build target 'stm32f4 Configuration'
compiling main.c...
..\..\Src\main.c(238): warning:  #128-D: loop is not reachable from preceding code
linking...
Program Size: Code=8668 RO-data=440 RW-data=56 ZI-data=2848  
"stm32f4 Configuration\stm32f4 Configuration.axf" - 0 Error(s), 1 Warning(s).
Build target 'stm32f4 Configuration'
compiling main.c...
..\..\Src\main.c(239): warning:  #128-D: loop is not reachable from preceding code
linking...
Program Size: Code=8864 RO-data=440 RW-data=56 ZI-data=2848  
"stm32f4 Configuration\stm32f4 Configuration.axf" - 0 Error(s), 1 Warning(s).
Load "stm32f4 Configuration\\stm32f4 Configuration.AXF" 
Build target 'stm32f4 Configuration'
compiling main.c...
..\..\Src\main.c(206): error:  #167: argument of type "const unsigned char *" is incompatible with parameter of type "unsigned char *"
..\..\Src\main.c(239): warning:  #128-D: loop is not reachable from preceding code
Target not created
Build target 'stm32f4 Configuration'
compiling main.c...
..\..\Src\main.c(239): warning:  #128-D: loop is not reachable from preceding code
linking...
Program Size: Code=8860 RO-data=440 RW-data=72 ZI-data=2848  
"stm32f4 Configuration\stm32f4 Configuration.axf" - 0 Error(s), 1 Warning(s).
Build target 'stm32f4 Configuration'
compiling main.c...
..\..\Src\main.c(240): warning:  #128-D: loop is not reachable from preceding code
linking...
Program Size: Code=8924 RO-data=440 RW-data=72 ZI-data=2848  
"stm32f4 Configuration\stm32f4 Configuration.axf" - 0 Error(s), 1 Warning(s).
Load "stm32f4 Configuration\\stm32f4 Configuration.AXF" 
